<?xml version="1.0" encoding="UTF-8"?>
<testng-results ignored="0" total="2" passed="2" failed="0" skipped="0">
  <reporter-output>
  </reporter-output>
  <suite started-at="2022-06-29T15:16:17 CDT" name="Default suite" finished-at="2022-06-29T15:16:17 CDT" duration-ms="58">
    <groups>
    </groups>
    <test started-at="2022-06-29T15:16:17 CDT" name="Default test" finished-at="2022-06-29T15:16:17 CDT" duration-ms="58">
      <class name="qaclickacademy.Mavenjava.AppiumTest">
        <test-method signature="IOSApps()[pri:0, instance:qaclickacademy.Mavenjava.AppiumTest@16ec5519]" started-at="2022-06-29T15:16:17 CDT" name="IOSApps" finished-at="2022-06-29T15:16:17 CDT" duration-ms="12" status="PASS">
          <reporter-output>
          </reporter-output>
        </test-method> <!-- IOSApps -->
        <test-method signature="nativeAppAndroid()[pri:0, instance:qaclickacademy.Mavenjava.AppiumTest@16ec5519]" started-at="2022-06-29T15:16:17 CDT" name="nativeAppAndroid" finished-at="2022-06-29T15:16:17 CDT" duration-ms="1" status="PASS">
          <reporter-output>
          </reporter-output>
        </test-method> <!-- nativeAppAndroid -->
      </class> <!-- qaclickacademy.Mavenjava.AppiumTest -->
    </test> <!-- Default test -->
  </suite> <!-- Default suite -->
</testng-results>
